[25 de Março de 2021 16:28:05]: [nLogin]          __             _       
[25 de Março de 2021 16:28:05]: [nLogin]  _ __   / /  ___   __ _(_)_ __  
[25 de Março de 2021 16:28:05]: [nLogin] | '_ \ / /  / _ \ / _` | | '_ \ 
[25 de Março de 2021 16:28:05]: [nLogin] | | | / /__| (_) | (_| | | | | |
[25 de Março de 2021 16:28:05]: [nLogin] |_| |_\____/\___/ \__, |_|_| |_|
[25 de Março de 2021 16:28:05]: [nLogin]                   |___/            
[25 de Março de 2021 16:28:05]: [nLogin]  By: www.nickuc.com - V 9.2.0
[25 de Março de 2021 16:28:05]: [nLogin] 
[25 de Março de 2021 16:28:05]: [DEBUG] [nLogin] Detectando configurações de hardware/software...
[25 de Março de 2021 16:28:05]: [DEBUG] [nLogin] Todas as configurações do plugin foram carregadas em 174 ms.
[25 de Março de 2021 16:28:05]: [DEBUG] [nLogin] Carregando o arquivo de mensagens 'messages_br.yml'
[25 de Março de 2021 16:28:05]: [DEBUG] [nLogin] Carregando o arquivo de mensagens 'messages_en.yml'
[25 de Março de 2021 16:28:05]: [DEBUG] [nLogin] Carregando o arquivo de mensagens 'messages_es.yml'
[25 de Março de 2021 16:28:05]: [DEBUG] [nLogin] Carregando o arquivo de mensagens 'messages_pl.yml'
[25 de Março de 2021 16:28:05]: [DEBUG] [nLogin] Carregando o arquivo de mensagens 'messages_ru.yml'
[25 de Março de 2021 16:28:05]: [DEBUG] [nLogin] Carregando o arquivo de mensagens 'messages_fr.yml'
[25 de Março de 2021 16:28:05]: [DEBUG] [nLogin] Carregando o arquivo de mensagens 'messages_lt.yml'
[25 de Março de 2021 16:28:05]: [DEBUG] [nLogin] Carregando o arquivo de mensagens 'messages_de.yml'
[25 de Março de 2021 16:28:05]: [DEBUG] [nLogin] Carregando o arquivo de mensagens 'messages_tr.yml'
[25 de Março de 2021 16:28:05]: [DEBUG] [nLogin] Todas as mensagens foram carregadas em 177 ms.
[25 de Março de 2021 16:28:05]: [DEBUG] [nLogin] Inicializando controlador de configurações...
[25 de Março de 2021 16:28:05]: [nLogin] Carregando tarefas para inicialização...
[25 de Março de 2021 16:28:05]: [nLogin] [Ativação] Your key was nya'd by Catboy <3 ~ https://t.me/catboygang
[25 de Março de 2021 16:28:05]: [DEBUG] [nLogin] Inicializando o controlador de banco de dados...
[25 de Março de 2021 16:28:06]: [DEBUG] [nLogin] Inicializando controlador de tarefas (pos start)...
[25 de Março de 2021 16:28:06]: [nLogin] nLogin foi carregado em 1685ms.
[25 de Março de 2021 16:29:18]: [DEBUG] [nLogin] [SQLITE] [UPDATE]: "UPDATE `nlogin` SET `realname` = 'NinjaDark99', `password` = '$SHA256$9b07c597e7c65580378bfc4d03e35b71684e7f0e67ea96b993e7ef658e53f26f@czSQtoSLAHRBbYVLLLZCMRqD', `address` = '189.10.26.169', `regdate` = '1615856558909', `lastlogin` = '1616686158485', `email` = null, `twitter` = null, `discord` = null, `settings` = 'ffVTWeZ0kMN06on4pzHZVXWpfx3zDQ0bzDX+fxKhTD8yw2+ym6WSwGuF0FWMutInzjHycGbGDEE6lb67iN/875529m6I3wIvReYyAxZUjeepIrwAQroLIpYrVT/a17JMuAc9AacpGKRgZDVoFpTDxfH85m+E8ttm6KyLOUzy/H4hSyOXcBBCHgwvSHMxK5SGZOetULsa7Yv34V8/PpTsxVo6xX5vyM3IDAScZfOPhLMBlOxzCXJ6VxtwnhkOph83gpGpO/ddhGPja5hX1XVYwCzD' WHERE `name` = 'ninjadark99'"
[25 de Março de 2021 16:29:18]: [nLogin] O usuário NinjaDark99 autenticou com sucesso.
[25 de Março de 2021 16:29:18]: [nLogin] O usuário NinjaDark99 logou automaticamente por ter uma conta original.
[25 de Março de 2021 16:37:06]: [DEBUG] [nLogin] [SQLITE] [UPDATE]: "UPDATE `nlogin` SET `realname` = 'NinjaDark99', `password` = '$SHA256$9b07c597e7c65580378bfc4d03e35b71684e7f0e67ea96b993e7ef658e53f26f@czSQtoSLAHRBbYVLLLZCMRqD', `address` = '189.10.26.169', `regdate` = '1615856558909', `lastlogin` = '1616686626224', `email` = null, `twitter` = null, `discord` = null, `settings` = 'ffVTWeZ0kMN06on4pzHZVXWpfx3zDQ0bzDX+fxKhTD8yw2+ym6WSwGuF0FWMutInzjHycGbGDEE6lb67iN/875529m6I3wIvReYyAxZUjeepIrwAQroLIpYrVT/a17JMuAc9AacpGKRgZDVoFpTDxfH85m+E8ttm6KyLOUzy/H4hSyOXcBBCHgwvSHMxK5SGZOetULsa7Yv34V8/PpTsxVo6xX5vyM3IDAScZfOPhLMBlOxzCXJ6VxtwnhkOph83gpGpO/ddhGPja5hX1XVYwCzD' WHERE `name` = 'ninjadark99'"
[25 de Março de 2021 16:37:06]: [nLogin] O usuário NinjaDark99 autenticou com sucesso.
[25 de Março de 2021 16:37:06]: [nLogin] O usuário NinjaDark99 logou automaticamente por ter uma conta original.
[25 de Março de 2021 17:17:44]: [DEBUG] [nLogin] [SQLITE] [UPDATE]: "UPDATE `nlogin` SET `realname` = 'NinjaDark99', `password` = '$SHA256$9b07c597e7c65580378bfc4d03e35b71684e7f0e67ea96b993e7ef658e53f26f@czSQtoSLAHRBbYVLLLZCMRqD', `address` = '189.10.26.169', `regdate` = '1615856558909', `lastlogin` = '1616689064882', `email` = null, `twitter` = null, `discord` = null, `settings` = 'ffVTWeZ0kMN06on4pzHZVXWpfx3zDQ0bzDX+fxKhTD8yw2+ym6WSwGuF0FWMutInzjHycGbGDEE6lb67iN/875529m6I3wIvReYyAxZUjeepIrwAQroLIpYrVT/a17JMuAc9AacpGKRgZDVoFpTDxfH85m+E8ttm6KyLOUzy/H4hSyOXcBBCHgwvSHMxK5SGZOetULsa7Yv34V8/PpTsxVo6xX5vyM3IDAScZfOPhLMBlOxzCXJ6VxtwnhkOph83gpGpO/ddhGPja5hX1XVYwCzD' WHERE `name` = 'ninjadark99'"
[25 de Março de 2021 17:17:44]: [nLogin] O usuário NinjaDark99 autenticou com sucesso.
[25 de Março de 2021 17:17:44]: [nLogin] O usuário NinjaDark99 logou automaticamente por ter uma conta original.
[25 de Março de 2021 17:38:24]: [DEBUG] [nLogin] [SQLITE] [UPDATE]: "UPDATE `nlogin` SET `realname` = 'NinjaDark99', `password` = '$SHA256$9b07c597e7c65580378bfc4d03e35b71684e7f0e67ea96b993e7ef658e53f26f@czSQtoSLAHRBbYVLLLZCMRqD', `address` = '189.10.26.169', `regdate` = '1615856558909', `lastlogin` = '1616690304540', `email` = null, `twitter` = null, `discord` = null, `settings` = 'ffVTWeZ0kMN06on4pzHZVXWpfx3zDQ0bzDX+fxKhTD8yw2+ym6WSwGuF0FWMutInzjHycGbGDEE6lb67iN/875529m6I3wIvReYyAxZUjeepIrwAQroLIpYrVT/a17JMuAc9AacpGKRgZDVoFpTDxfH85m+E8ttm6KyLOUzy/H4hSyOXcBBCHgwvSHMxK5SGZOetULsa7Yv34V8/PpTsxVo6xX5vyM3IDAScZfOPhLMBlOxzCXJ6VxtwnhkOph83gpGpO/ddhGPja5hX1XVYwCzD' WHERE `name` = 'ninjadark99'"
[25 de Março de 2021 17:38:24]: [nLogin] O usuário NinjaDark99 autenticou com sucesso.
[25 de Março de 2021 17:38:24]: [nLogin] O usuário NinjaDark99 logou automaticamente por ter uma conta original.
[25 de Março de 2021 18:10:44]: [nLogin] 
[25 de Março de 2021 18:10:44]: [nLogin] Desativando módulos do nLogin V 9.2.0...
[25 de Março de 2021 18:10:44]: [nLogin] 
[25 de Março de 2021 18:10:44]: [nLogin] nLogin foi encerrado em 86ms.
