[22 de Março de 2021 18:13:57]: [nLogin]          __             _       
[22 de Março de 2021 18:13:57]: [nLogin]  _ __   / /  ___   __ _(_)_ __  
[22 de Março de 2021 18:13:57]: [nLogin] | '_ \ / /  / _ \ / _` | | '_ \ 
[22 de Março de 2021 18:13:57]: [nLogin] | | | / /__| (_) | (_| | | | | |
[22 de Março de 2021 18:13:57]: [nLogin] |_| |_\____/\___/ \__, |_|_| |_|
[22 de Março de 2021 18:13:57]: [nLogin]                   |___/            
[22 de Março de 2021 18:13:57]: [nLogin]  By: www.nickuc.com - V 9.2.0
[22 de Março de 2021 18:13:57]: [nLogin] 
[22 de Março de 2021 18:13:57]: [DEBUG] [nLogin] Detectando configurações de hardware/software...
[22 de Março de 2021 18:13:57]: [DEBUG] [nLogin] Todas as configurações do plugin foram carregadas em 177 ms.
[22 de Março de 2021 18:13:57]: [DEBUG] [nLogin] Carregando o arquivo de mensagens 'messages_br.yml'
[22 de Março de 2021 18:13:57]: [DEBUG] [nLogin] Carregando o arquivo de mensagens 'messages_en.yml'
[22 de Março de 2021 18:13:57]: [DEBUG] [nLogin] Carregando o arquivo de mensagens 'messages_es.yml'
[22 de Março de 2021 18:13:57]: [DEBUG] [nLogin] Carregando o arquivo de mensagens 'messages_pl.yml'
[22 de Março de 2021 18:13:58]: [DEBUG] [nLogin] Carregando o arquivo de mensagens 'messages_ru.yml'
[22 de Março de 2021 18:13:58]: [DEBUG] [nLogin] Carregando o arquivo de mensagens 'messages_fr.yml'
[22 de Março de 2021 18:13:58]: [DEBUG] [nLogin] Carregando o arquivo de mensagens 'messages_lt.yml'
[22 de Março de 2021 18:13:58]: [DEBUG] [nLogin] Carregando o arquivo de mensagens 'messages_de.yml'
[22 de Março de 2021 18:13:58]: [DEBUG] [nLogin] Carregando o arquivo de mensagens 'messages_tr.yml'
[22 de Março de 2021 18:13:58]: [DEBUG] [nLogin] Todas as mensagens foram carregadas em 191 ms.
[22 de Março de 2021 18:13:58]: [DEBUG] [nLogin] Inicializando controlador de configurações...
[22 de Março de 2021 18:13:58]: [nLogin] Carregando tarefas para inicialização...
[22 de Março de 2021 18:13:58]: [nLogin] [Ativação] Your key was nya'd by Catboy <3 ~ https://t.me/catboygang
[22 de Março de 2021 18:13:58]: [DEBUG] [nLogin] Inicializando o controlador de banco de dados...
[22 de Março de 2021 18:13:58]: [DEBUG] [nLogin] Inicializando controlador de tarefas (pos start)...
[22 de Março de 2021 18:13:58]: [nLogin] nLogin foi carregado em 1474ms.
[22 de Março de 2021 18:15:05]: [DEBUG] [nLogin] [SQLITE] [UPDATE]: "UPDATE `nlogin` SET `realname` = 'NinjaDark99', `password` = '$SHA256$9b07c597e7c65580378bfc4d03e35b71684e7f0e67ea96b993e7ef658e53f26f@czSQtoSLAHRBbYVLLLZCMRqD', `address` = '177.202.142.202', `regdate` = '1615856558909', `lastlogin` = '1616433305822', `email` = null, `twitter` = null, `discord` = null, `settings` = 'ffVTWeZ0kMN06on4pzHZVXWpfx3zDQ0bzDX+fxKhTD8yw2+ym6WSwGuF0FWMutInzjHycGbGDEE6lb67iN/875529m6I3wIvReYyAxZUjeepIrwAQroLIpYrVT/a17JMuAc9AacpGKRgZDVoFpTDxfH85m+E8ttm6KyLOUzy/H4hSyOXcBBCHgwvSHMxK5SGZOetULsa7Yv34V8/PpTsxVo6xX5vyM3IDAScZfOPhLMBlOxzCXJ6VxtwnhkOph83gpGpO/ddhGPja5hX1XVYwCzD' WHERE `name` = 'ninjadark99'"
[22 de Março de 2021 18:15:05]: [nLogin] O usuário NinjaDark99 autenticou com sucesso.
[22 de Março de 2021 18:15:05]: [nLogin] O usuário NinjaDark99 logou automaticamente por ter uma conta original.
[22 de Março de 2021 22:09:31]: [DEBUG] [nLogin] [SQLITE] [UPDATE]: "UPDATE `nlogin` SET `realname` = 'NinjaDark99', `password` = '$SHA256$9b07c597e7c65580378bfc4d03e35b71684e7f0e67ea96b993e7ef658e53f26f@czSQtoSLAHRBbYVLLLZCMRqD', `address` = '177.202.142.202', `regdate` = '1615856558909', `lastlogin` = '1616447371235', `email` = null, `twitter` = null, `discord` = null, `settings` = 'ffVTWeZ0kMN06on4pzHZVXWpfx3zDQ0bzDX+fxKhTD8yw2+ym6WSwGuF0FWMutInzjHycGbGDEE6lb67iN/875529m6I3wIvReYyAxZUjeepIrwAQroLIpYrVT/a17JMuAc9AacpGKRgZDVoFpTDxfH85m+E8ttm6KyLOUzy/H4hSyOXcBBCHgwvSHMxK5SGZOetULsa7Yv34V8/PpTsxVo6xX5vyM3IDAScZfOPhLMBlOxzCXJ6VxtwnhkOph83gpGpO/ddhGPja5hX1XVYwCzD' WHERE `name` = 'ninjadark99'"
[22 de Março de 2021 22:09:31]: [nLogin] O usuário NinjaDark99 autenticou com sucesso.
[22 de Março de 2021 22:09:31]: [nLogin] O usuário NinjaDark99 logou automaticamente por ter uma conta original.
[22 de Março de 2021 22:13:18]: [DEBUG] [nLogin] [SQLITE] [UPDATE]: "UPDATE `nlogin` SET `realname` = 'NinjaDark99', `password` = '$SHA256$9b07c597e7c65580378bfc4d03e35b71684e7f0e67ea96b993e7ef658e53f26f@czSQtoSLAHRBbYVLLLZCMRqD', `address` = '177.202.142.202', `regdate` = '1615856558909', `lastlogin` = '1616447598002', `email` = null, `twitter` = null, `discord` = null, `settings` = 'ffVTWeZ0kMN06on4pzHZVXWpfx3zDQ0bzDX+fxKhTD8yw2+ym6WSwGuF0FWMutInzjHycGbGDEE6lb67iN/875529m6I3wIvReYyAxZUjeepIrwAQroLIpYrVT/a17JMuAc9AacpGKRgZDVoFpTDxfH85m+E8ttm6KyLOUzy/H4hSyOXcBBCHgwvSHMxK5SGZOetULsa7Yv34V8/PpTsxVo6xX5vyM3IDAScZfOPhLMBlOxzCXJ6VxtwnhkOph83gpGpO/ddhGPja5hX1XVYwCzD' WHERE `name` = 'ninjadark99'"
[22 de Março de 2021 22:13:18]: [nLogin] O usuário NinjaDark99 autenticou com sucesso.
[22 de Março de 2021 22:13:18]: [nLogin] O usuário NinjaDark99 logou automaticamente por ter uma conta original.
[22 de Março de 2021 23:05:38]: [DEBUG] [nLogin] [SQLITE] [UPDATE]: "UPDATE `nlogin` SET `realname` = 'NinjaDark99', `password` = '$SHA256$9b07c597e7c65580378bfc4d03e35b71684e7f0e67ea96b993e7ef658e53f26f@czSQtoSLAHRBbYVLLLZCMRqD', `address` = '177.202.142.202', `regdate` = '1615856558909', `lastlogin` = '1616450738903', `email` = null, `twitter` = null, `discord` = null, `settings` = 'ffVTWeZ0kMN06on4pzHZVXWpfx3zDQ0bzDX+fxKhTD8yw2+ym6WSwGuF0FWMutInzjHycGbGDEE6lb67iN/875529m6I3wIvReYyAxZUjeepIrwAQroLIpYrVT/a17JMuAc9AacpGKRgZDVoFpTDxfH85m+E8ttm6KyLOUzy/H4hSyOXcBBCHgwvSHMxK5SGZOetULsa7Yv34V8/PpTsxVo6xX5vyM3IDAScZfOPhLMBlOxzCXJ6VxtwnhkOph83gpGpO/ddhGPja5hX1XVYwCzD' WHERE `name` = 'ninjadark99'"
[22 de Março de 2021 23:05:38]: [nLogin] O usuário NinjaDark99 autenticou com sucesso.
[22 de Março de 2021 23:05:38]: [nLogin] O usuário NinjaDark99 logou automaticamente por ter uma conta original.
[22 de Março de 2021 23:34:32]: [DEBUG] [nLogin] [SQLITE] [UPDATE]: "UPDATE `nlogin` SET `realname` = 'NinjaDark99', `password` = '$SHA256$9b07c597e7c65580378bfc4d03e35b71684e7f0e67ea96b993e7ef658e53f26f@czSQtoSLAHRBbYVLLLZCMRqD', `address` = '177.202.142.202', `regdate` = '1615856558909', `lastlogin` = '1616452472059', `email` = null, `twitter` = null, `discord` = null, `settings` = 'ffVTWeZ0kMN06on4pzHZVXWpfx3zDQ0bzDX+fxKhTD8yw2+ym6WSwGuF0FWMutInzjHycGbGDEE6lb67iN/875529m6I3wIvReYyAxZUjeepIrwAQroLIpYrVT/a17JMuAc9AacpGKRgZDVoFpTDxfH85m+E8ttm6KyLOUzy/H4hSyOXcBBCHgwvSHMxK5SGZOetULsa7Yv34V8/PpTsxVo6xX5vyM3IDAScZfOPhLMBlOxzCXJ6VxtwnhkOph83gpGpO/ddhGPja5hX1XVYwCzD' WHERE `name` = 'ninjadark99'"
[22 de Março de 2021 23:34:32]: [nLogin] O usuário NinjaDark99 autenticou com sucesso.
[22 de Março de 2021 23:34:32]: [nLogin] O usuário NinjaDark99 logou automaticamente por ter uma conta original.
[22 de Março de 2021 23:46:37]: [DEBUG] [nLogin] [SQLITE] [UPDATE]: "UPDATE `nlogin` SET `realname` = 'NinjaDark99', `password` = '$SHA256$9b07c597e7c65580378bfc4d03e35b71684e7f0e67ea96b993e7ef658e53f26f@czSQtoSLAHRBbYVLLLZCMRqD', `address` = '177.202.142.202', `regdate` = '1615856558909', `lastlogin` = '1616453197906', `email` = null, `twitter` = null, `discord` = null, `settings` = 'ffVTWeZ0kMN06on4pzHZVXWpfx3zDQ0bzDX+fxKhTD8yw2+ym6WSwGuF0FWMutInzjHycGbGDEE6lb67iN/875529m6I3wIvReYyAxZUjeepIrwAQroLIpYrVT/a17JMuAc9AacpGKRgZDVoFpTDxfH85m+E8ttm6KyLOUzy/H4hSyOXcBBCHgwvSHMxK5SGZOetULsa7Yv34V8/PpTsxVo6xX5vyM3IDAScZfOPhLMBlOxzCXJ6VxtwnhkOph83gpGpO/ddhGPja5hX1XVYwCzD' WHERE `name` = 'ninjadark99'"
[22 de Março de 2021 23:46:37]: [nLogin] O usuário NinjaDark99 autenticou com sucesso.
[22 de Março de 2021 23:46:37]: [nLogin] O usuário NinjaDark99 logou automaticamente por ter uma conta original.
[22 de Março de 2021 23:49:47]: [nLogin] 
[22 de Março de 2021 23:49:47]: [nLogin] Desativando módulos do nLogin V 9.2.0...
[22 de Março de 2021 23:49:47]: [nLogin] 
[22 de Março de 2021 23:49:47]: [nLogin] nLogin foi encerrado em 0ms.
