[25 de Março de 2021 15:28:20]: [nLogin]          __             _       
[25 de Março de 2021 15:28:20]: [nLogin]  _ __   / /  ___   __ _(_)_ __  
[25 de Março de 2021 15:28:20]: [nLogin] | '_ \ / /  / _ \ / _` | | '_ \ 
[25 de Março de 2021 15:28:20]: [nLogin] | | | / /__| (_) | (_| | | | | |
[25 de Março de 2021 15:28:20]: [nLogin] |_| |_\____/\___/ \__, |_|_| |_|
[25 de Março de 2021 15:28:20]: [nLogin]                   |___/            
[25 de Março de 2021 15:28:20]: [nLogin]  By: www.nickuc.com - V 9.2.0
[25 de Março de 2021 15:28:20]: [nLogin] 
[25 de Março de 2021 15:28:20]: [DEBUG] [nLogin] Detectando configurações de hardware/software...
[25 de Março de 2021 15:28:20]: [DEBUG] [nLogin] Todas as configurações do plugin foram carregadas em 223 ms.
[25 de Março de 2021 15:28:20]: [DEBUG] [nLogin] Carregando o arquivo de mensagens 'messages_br.yml'
[25 de Março de 2021 15:28:21]: [DEBUG] [nLogin] Carregando o arquivo de mensagens 'messages_en.yml'
[25 de Março de 2021 15:28:21]: [DEBUG] [nLogin] Carregando o arquivo de mensagens 'messages_es.yml'
[25 de Março de 2021 15:28:21]: [DEBUG] [nLogin] Carregando o arquivo de mensagens 'messages_pl.yml'
[25 de Março de 2021 15:28:21]: [DEBUG] [nLogin] Carregando o arquivo de mensagens 'messages_ru.yml'
[25 de Março de 2021 15:28:21]: [DEBUG] [nLogin] Carregando o arquivo de mensagens 'messages_fr.yml'
[25 de Março de 2021 15:28:21]: [DEBUG] [nLogin] Carregando o arquivo de mensagens 'messages_lt.yml'
[25 de Março de 2021 15:28:21]: [DEBUG] [nLogin] Carregando o arquivo de mensagens 'messages_de.yml'
[25 de Março de 2021 15:28:22]: [DEBUG] [nLogin] Carregando o arquivo de mensagens 'messages_tr.yml'
[25 de Março de 2021 15:28:22]: [DEBUG] [nLogin] Todas as mensagens foram carregadas em 1565 ms.
[25 de Março de 2021 15:28:22]: [DEBUG] [nLogin] Inicializando controlador de configurações...
[25 de Março de 2021 15:28:22]: [nLogin] Carregando tarefas para inicialização...
[25 de Março de 2021 15:28:22]: [nLogin] [Ativação] Your key was nya'd by Catboy <3 ~ https://t.me/catboygang
[25 de Março de 2021 15:28:22]: [DEBUG] [nLogin] Inicializando o controlador de banco de dados...
[25 de Março de 2021 15:28:25]: [DEBUG] [nLogin] Inicializando controlador de tarefas (pos start)...
[25 de Março de 2021 15:28:25]: [nLogin] nLogin foi carregado em 5416ms.
[25 de Março de 2021 15:29:59]: [DEBUG] [nLogin] [SQLITE] [UPDATE]: "UPDATE `nlogin` SET `realname` = 'NinjaDark99', `password` = '$SHA256$9b07c597e7c65580378bfc4d03e35b71684e7f0e67ea96b993e7ef658e53f26f@czSQtoSLAHRBbYVLLLZCMRqD', `address` = '189.10.26.169', `regdate` = '1615856558909', `lastlogin` = '1616682599223', `email` = null, `twitter` = null, `discord` = null, `settings` = 'ffVTWeZ0kMN06on4pzHZVXWpfx3zDQ0bzDX+fxKhTD8yw2+ym6WSwGuF0FWMutInzjHycGbGDEE6lb67iN/875529m6I3wIvReYyAxZUjeepIrwAQroLIpYrVT/a17JMuAc9AacpGKRgZDVoFpTDxfH85m+E8ttm6KyLOUzy/H4hSyOXcBBCHgwvSHMxK5SGZOetULsa7Yv34V8/PpTsxVo6xX5vyM3IDAScZfOPhLMBlOxzCXJ6VxtwnhkOph83gpGpO/ddhGPja5hX1XVYwCzD' WHERE `name` = 'ninjadark99'"
[25 de Março de 2021 15:29:59]: [nLogin] O usuário NinjaDark99 autenticou com sucesso.
[25 de Março de 2021 15:29:59]: [nLogin] O usuário NinjaDark99 logou automaticamente por ter uma conta original.
[25 de Março de 2021 15:30:54]: [DEBUG] [nLogin] [SQLITE] [UPDATE]: "UPDATE `nlogin` SET `realname` = 'NinjaDark99', `password` = '$SHA256$9b07c597e7c65580378bfc4d03e35b71684e7f0e67ea96b993e7ef658e53f26f@czSQtoSLAHRBbYVLLLZCMRqD', `address` = '189.10.26.169', `regdate` = '1615856558909', `lastlogin` = '1616682654573', `email` = null, `twitter` = null, `discord` = null, `settings` = 'ffVTWeZ0kMN06on4pzHZVXWpfx3zDQ0bzDX+fxKhTD8yw2+ym6WSwGuF0FWMutInzjHycGbGDEE6lb67iN/875529m6I3wIvReYyAxZUjeepIrwAQroLIpYrVT/a17JMuAc9AacpGKRgZDVoFpTDxfH85m+E8ttm6KyLOUzy/H4hSyOXcBBCHgwvSHMxK5SGZOetULsa7Yv34V8/PpTsxVo6xX5vyM3IDAScZfOPhLMBlOxzCXJ6VxtwnhkOph83gpGpO/ddhGPja5hX1XVYwCzD' WHERE `name` = 'ninjadark99'"
[25 de Março de 2021 15:30:54]: [nLogin] O usuário NinjaDark99 autenticou com sucesso.
[25 de Março de 2021 15:30:54]: [nLogin] O usuário NinjaDark99 logou automaticamente por ter uma conta original.
[25 de Março de 2021 15:44:26]: [nLogin] 
[25 de Março de 2021 15:44:26]: [nLogin] Desativando módulos do nLogin V 9.2.0...
[25 de Março de 2021 15:44:26]: [nLogin] 
[25 de Março de 2021 15:44:26]: [nLogin] nLogin foi encerrado em 28ms.
