[24 de MarĂ§o de 2021 22:16:33]: [nLogin]          __             _       
[24 de MarĂ§o de 2021 22:16:33]: [nLogin]  _ __   / /  ___   __ _(_)_ __  
[24 de MarĂ§o de 2021 22:16:33]: [nLogin] | '_ \ / /  / _ \ / _` | | '_ \ 
[24 de MarĂ§o de 2021 22:16:33]: [nLogin] | | | / /__| (_) | (_| | | | | |
[24 de MarĂ§o de 2021 22:16:33]: [nLogin] |_| |_\____/\___/ \__, |_|_| |_|
[24 de MarĂ§o de 2021 22:16:33]: [nLogin]                   |___/            
[24 de MarĂ§o de 2021 22:16:33]: [nLogin]  By: www.nickuc.com - V 9.2.0
[24 de MarĂ§o de 2021 22:16:33]: [nLogin] 
[24 de MarĂ§o de 2021 22:16:34]: [DEBUG] [nLogin] Detectando configuraĂ§Ăµes de hardware/software...
[24 de MarĂ§o de 2021 22:16:34]: [DEBUG] [nLogin] Todas as configuraĂ§Ăµes do plugin foram carregadas em 145 ms.
[24 de MarĂ§o de 2021 22:16:34]: [DEBUG] [nLogin] Carregando o arquivo de mensagens 'messages_br.yml'
[24 de MarĂ§o de 2021 22:16:34]: [DEBUG] [nLogin] Carregando o arquivo de mensagens 'messages_en.yml'
[24 de MarĂ§o de 2021 22:16:34]: [DEBUG] [nLogin] Carregando o arquivo de mensagens 'messages_es.yml'
[24 de MarĂ§o de 2021 22:16:34]: [DEBUG] [nLogin] Carregando o arquivo de mensagens 'messages_pl.yml'
[24 de MarĂ§o de 2021 22:16:34]: [DEBUG] [nLogin] Carregando o arquivo de mensagens 'messages_ru.yml'
[24 de MarĂ§o de 2021 22:16:34]: [DEBUG] [nLogin] Carregando o arquivo de mensagens 'messages_fr.yml'
[24 de MarĂ§o de 2021 22:16:34]: [DEBUG] [nLogin] Carregando o arquivo de mensagens 'messages_lt.yml'
[24 de MarĂ§o de 2021 22:16:34]: [DEBUG] [nLogin] Carregando o arquivo de mensagens 'messages_de.yml'
[24 de MarĂ§o de 2021 22:16:34]: [DEBUG] [nLogin] Carregando o arquivo de mensagens 'messages_tr.yml'
[24 de MarĂ§o de 2021 22:16:34]: [DEBUG] [nLogin] Todas as mensagens foram carregadas em 222 ms.
[24 de MarĂ§o de 2021 22:16:34]: [DEBUG] [nLogin] Inicializando controlador de configuraĂ§Ăµes...
[24 de MarĂ§o de 2021 22:16:34]: [nLogin] Carregando tarefas para inicializaĂ§ĂŁo...
[24 de MarĂ§o de 2021 22:16:34]: [nLogin] [AtivaĂ§ĂŁo] Your key was nya'd by Catboy <3 ~ https://t.me/catboygang
[24 de MarĂ§o de 2021 22:16:34]: [DEBUG] [nLogin] Inicializando o controlador de banco de dados...
[24 de MarĂ§o de 2021 22:16:34]: [DEBUG] [nLogin] Inicializando controlador de tarefas (pos start)...
[24 de MarĂ§o de 2021 22:16:35]: [nLogin] nLogin foi carregado em 1276ms.
[24 de MarĂ§o de 2021 22:18:06]: [DEBUG] [nLogin] [SQLITE] [UPDATE]: "UPDATE `nlogin` SET `realname` = 'NinjaDark99', `password` = '$SHA256$9b07c597e7c65580378bfc4d03e35b71684e7f0e67ea96b993e7ef658e53f26f@czSQtoSLAHRBbYVLLLZCMRqD', `address` = '189.10.26.169', `regdate` = '1615856558909', `lastlogin` = '1616620686249', `email` = null, `twitter` = null, `discord` = null, `settings` = 'ffVTWeZ0kMN06on4pzHZVXWpfx3zDQ0bzDX+fxKhTD8yw2+ym6WSwGuF0FWMutInzjHycGbGDEE6lb67iN/875529m6I3wIvReYyAxZUjeepIrwAQroLIpYrVT/a17JMuAc9AacpGKRgZDVoFpTDxfH85m+E8ttm6KyLOUzy/H4hSyOXcBBCHgwvSHMxK5SGZOetULsa7Yv34V8/PpTsxVo6xX5vyM3IDAScZfOPhLMBlOxzCXJ6VxtwnhkOph83gpGpO/ddhGPja5hX1XVYwCzD' WHERE `name` = 'ninjadark99'"
[24 de MarĂ§o de 2021 22:18:06]: [nLogin] O usuĂˇrio NinjaDark99 autenticou com sucesso.
[24 de MarĂ§o de 2021 22:18:06]: [nLogin] O usuĂˇrio NinjaDark99 logou automaticamente por ter uma conta original.
