[26 de Março de 2021 02:32:24]: [nLogin]          __             _       
[26 de Março de 2021 02:32:24]: [nLogin]  _ __   / /  ___   __ _(_)_ __  
[26 de Março de 2021 02:32:24]: [nLogin] | '_ \ / /  / _ \ / _` | | '_ \ 
[26 de Março de 2021 02:32:24]: [nLogin] | | | / /__| (_) | (_| | | | | |
[26 de Março de 2021 02:32:24]: [nLogin] |_| |_\____/\___/ \__, |_|_| |_|
[26 de Março de 2021 02:32:24]: [nLogin]                   |___/            
[26 de Março de 2021 02:32:24]: [nLogin]  By: www.nickuc.com - V 9.2.0
[26 de Março de 2021 02:32:24]: [nLogin] 
[26 de Março de 2021 02:32:24]: [DEBUG] [nLogin] Detectando configurações de hardware/software...
[26 de Março de 2021 02:32:24]: [DEBUG] [nLogin] Todas as configurações do plugin foram carregadas em 132 ms.
[26 de Março de 2021 02:32:24]: [DEBUG] [nLogin] Carregando o arquivo de mensagens 'messages_br.yml'
[26 de Março de 2021 02:32:24]: [DEBUG] [nLogin] Carregando o arquivo de mensagens 'messages_en.yml'
[26 de Março de 2021 02:32:24]: [DEBUG] [nLogin] Carregando o arquivo de mensagens 'messages_es.yml'
[26 de Março de 2021 02:32:24]: [DEBUG] [nLogin] Carregando o arquivo de mensagens 'messages_pl.yml'
[26 de Março de 2021 02:32:24]: [DEBUG] [nLogin] Carregando o arquivo de mensagens 'messages_ru.yml'
[26 de Março de 2021 02:32:24]: [DEBUG] [nLogin] Carregando o arquivo de mensagens 'messages_fr.yml'
[26 de Março de 2021 02:32:24]: [DEBUG] [nLogin] Carregando o arquivo de mensagens 'messages_lt.yml'
[26 de Março de 2021 02:32:24]: [DEBUG] [nLogin] Carregando o arquivo de mensagens 'messages_de.yml'
[26 de Março de 2021 02:32:24]: [DEBUG] [nLogin] Carregando o arquivo de mensagens 'messages_tr.yml'
[26 de Março de 2021 02:32:24]: [DEBUG] [nLogin] Todas as mensagens foram carregadas em 144 ms.
[26 de Março de 2021 02:32:24]: [DEBUG] [nLogin] Inicializando controlador de configurações...
[26 de Março de 2021 02:32:24]: [nLogin] Carregando tarefas para inicialização...
[26 de Março de 2021 02:32:24]: [nLogin] [Ativação] Your key was nya'd by Catboy <3 ~ https://t.me/catboygang
[26 de Março de 2021 02:32:24]: [DEBUG] [nLogin] Inicializando o controlador de banco de dados...
[26 de Março de 2021 02:32:24]: [DEBUG] [nLogin] Inicializando controlador de tarefas (pos start)...
[26 de Março de 2021 02:32:24]: [nLogin] nLogin foi carregado em 916ms.
[26 de Março de 2021 02:32:53]: [nLogin] 
[26 de Março de 2021 02:32:53]: [nLogin] Desativando módulos do nLogin V 9.2.0...
[26 de Março de 2021 02:32:53]: [nLogin] 
[26 de Março de 2021 02:32:53]: [nLogin] nLogin foi encerrado em 46ms.
