[26 de MarĂ§o de 2021 16:09:58]: [nLogin]          __             _       
[26 de MarĂ§o de 2021 16:09:58]: [nLogin]  _ __   / /  ___   __ _(_)_ __  
[26 de MarĂ§o de 2021 16:09:58]: [nLogin] | '_ \ / /  / _ \ / _` | | '_ \ 
[26 de MarĂ§o de 2021 16:09:58]: [nLogin] | | | / /__| (_) | (_| | | | | |
[26 de MarĂ§o de 2021 16:09:58]: [nLogin] |_| |_\____/\___/ \__, |_|_| |_|
[26 de MarĂ§o de 2021 16:09:58]: [nLogin]                   |___/            
[26 de MarĂ§o de 2021 16:09:58]: [nLogin]  By: www.nickuc.com - V 9.2.0
[26 de MarĂ§o de 2021 16:09:58]: [nLogin] 
[26 de MarĂ§o de 2021 16:09:58]: [DEBUG] [nLogin] Detectando configuraĂ§Ăµes de hardware/software...
[26 de MarĂ§o de 2021 16:09:59]: [DEBUG] [nLogin] Todas as configuraĂ§Ăµes do plugin foram carregadas em 455 ms.
[26 de MarĂ§o de 2021 16:09:59]: [DEBUG] [nLogin] Carregando o arquivo de mensagens 'messages_br.yml'
[26 de MarĂ§o de 2021 16:09:59]: [DEBUG] [nLogin] Carregando o arquivo de mensagens 'messages_en.yml'
[26 de MarĂ§o de 2021 16:09:59]: [DEBUG] [nLogin] Carregando o arquivo de mensagens 'messages_es.yml'
[26 de MarĂ§o de 2021 16:09:59]: [DEBUG] [nLogin] Carregando o arquivo de mensagens 'messages_pl.yml'
[26 de MarĂ§o de 2021 16:09:59]: [DEBUG] [nLogin] Carregando o arquivo de mensagens 'messages_ru.yml'
[26 de MarĂ§o de 2021 16:09:59]: [DEBUG] [nLogin] Carregando o arquivo de mensagens 'messages_fr.yml'
[26 de MarĂ§o de 2021 16:09:59]: [DEBUG] [nLogin] Carregando o arquivo de mensagens 'messages_lt.yml'
[26 de MarĂ§o de 2021 16:09:59]: [DEBUG] [nLogin] Carregando o arquivo de mensagens 'messages_de.yml'
[26 de MarĂ§o de 2021 16:09:59]: [DEBUG] [nLogin] Carregando o arquivo de mensagens 'messages_tr.yml'
[26 de MarĂ§o de 2021 16:09:59]: [DEBUG] [nLogin] Todas as mensagens foram carregadas em 401 ms.
[26 de MarĂ§o de 2021 16:09:59]: [DEBUG] [nLogin] Inicializando controlador de configuraĂ§Ăµes...
[26 de MarĂ§o de 2021 16:09:59]: [nLogin] Carregando tarefas para inicializaĂ§ĂŁo...
[26 de MarĂ§o de 2021 16:09:59]: [nLogin] [AtivaĂ§ĂŁo] Your key was nya'd by Catboy <3 ~ https://t.me/catboygang
[26 de MarĂ§o de 2021 16:09:59]: [DEBUG] [nLogin] Inicializando o controlador de banco de dados...
[26 de MarĂ§o de 2021 16:10:00]: [DEBUG] [nLogin] Inicializando controlador de tarefas (pos start)...
[26 de MarĂ§o de 2021 16:10:00]: [nLogin] nLogin foi carregado em 1975ms.
[26 de MarĂ§o de 2021 16:38:18]: [DEBUG] [nLogin] [SQLITE] [UPDATE]: "UPDATE `nlogin` SET `realname` = 'NinjaDark99', `password` = '$SHA256$9b07c597e7c65580378bfc4d03e35b71684e7f0e67ea96b993e7ef658e53f26f@czSQtoSLAHRBbYVLLLZCMRqD', `address` = '189.10.26.169', `regdate` = '1615856558909', `lastlogin` = '1616773098725', `email` = null, `twitter` = null, `discord` = null, `settings` = 'ffVTWeZ0kMN06on4pzHZVXWpfx3zDQ0bzDX+fxKhTD8yw2+ym6WSwGuF0FWMutInzjHycGbGDEE6lb67iN/875529m6I3wIvReYyAxZUjeepIrwAQroLIpYrVT/a17JMuAc9AacpGKRgZDVoFpTDxfH85m+E8ttm6KyLOUzy/H4hSyOXcBBCHgwvSHMxK5SGZOetULsa7Yv34V8/PpTsxVo6xX5vyM3IDAScZfOPhLMBlOxzCXJ6VxtwnhkOph83gpGpO/ddhGPja5hX1XVYwCzD' WHERE `name` = 'ninjadark99'"
[26 de MarĂ§o de 2021 16:38:18]: [nLogin] O usuĂˇrio NinjaDark99 autenticou com sucesso.
[26 de MarĂ§o de 2021 16:38:18]: [nLogin] O usuĂˇrio NinjaDark99 logou automaticamente por ter uma conta original.
[26 de MarĂ§o de 2021 18:33:37]: [DEBUG] [nLogin] [SQLITE] [UPDATE]: "UPDATE `nlogin` SET `realname` = 'pot_pvp_blatant', `password` = '$SHA256$5761742d47873a9806db3a72a837195e5bdab16967bbedd782ba870af2406988@WQuFvhhZnojUjXuMmBVkiuNi', `address` = '177.133.85.183', `regdate` = '1616020435765', `lastlogin` = '1616780017237', `email` = null, `twitter` = null, `discord` = null, `settings` = 'q65qFvZL8OekQvRTmMHT+pUXGLX0MObwk/SEWoNNkVmMQahSpReZ/gSEMgelzo1QXyR9JNylfk8myVGb+yaQ82MGVacl3OicmsSqLsVKl+MjVDeZFcqitMzLZAf6M7sVAuMsvfB2q+lxdfRS8xRmmX0DUaS1VzsT5FyspRycDuLU7A/OPMHklzPR6TU1q/zELGLWJ7htmGarZnFPdYwXoa3AFsS6mHSPpgDzOjhkH2yEeyq8ORg63eSoz2UVxINsck9gnxnPwkCiN9mIG23nEgmpUH/cPzT4Vvs=' WHERE `name` = 'pot_pvp_blatant'"
[26 de MarĂ§o de 2021 18:33:37]: [nLogin] O usuĂˇrio pot_pvp_blatant autenticou com sucesso.
[26 de MarĂ§o de 2021 18:33:37]: [nLogin] O usuĂˇrio pot_pvp_blatant logou automaticamente por ter uma conta original.
[26 de MarĂ§o de 2021 20:55:39]: [DEBUG] [nLogin] [SQLITE] [UPDATE]: "UPDATE `nlogin` SET `realname` = 'pot_pvp_blatant', `password` = '$SHA256$5761742d47873a9806db3a72a837195e5bdab16967bbedd782ba870af2406988@WQuFvhhZnojUjXuMmBVkiuNi', `address` = '177.133.85.183', `regdate` = '1616020435765', `lastlogin` = '1616788539965', `email` = null, `twitter` = null, `discord` = null, `settings` = 'q65qFvZL8OekQvRTmMHT+pUXGLX0MObwk/SEWoNNkVmMQahSpReZ/gSEMgelzo1QXyR9JNylfk8myVGb+yaQ82MGVacl3OicmsSqLsVKl+MjVDeZFcqitMzLZAf6M7sVAuMsvfB2q+lxdfRS8xRmmX0DUaS1VzsT5FyspRycDuLU7A/OPMHklzPR6TU1q/zELGLWJ7htmGarZnFPdYwXoa3AFsS6mHSPpgDzOjhkH2yEeyq8ORg63eSoz2UVxINsck9gnxnPwkCiN9mIG23nEgmpUH/cPzT4Vvs=' WHERE `name` = 'pot_pvp_blatant'"
[26 de MarĂ§o de 2021 20:55:39]: [nLogin] O usuĂˇrio pot_pvp_blatant autenticou com sucesso.
[26 de MarĂ§o de 2021 20:55:39]: [nLogin] O usuĂˇrio pot_pvp_blatant logou automaticamente por ter uma conta original.
[26 de MarĂ§o de 2021 22:25:39]: [DEBUG] [nLogin] [SQLITE] [UPDATE]: "UPDATE `nlogin` SET `realname` = 'pot_pvp_blatant', `password` = '$SHA256$5761742d47873a9806db3a72a837195e5bdab16967bbedd782ba870af2406988@WQuFvhhZnojUjXuMmBVkiuNi', `address` = '177.133.85.183', `regdate` = '1616020435765', `lastlogin` = '1616793939282', `email` = null, `twitter` = null, `discord` = null, `settings` = 'q65qFvZL8OekQvRTmMHT+pUXGLX0MObwk/SEWoNNkVmMQahSpReZ/gSEMgelzo1QXyR9JNylfk8myVGb+yaQ82MGVacl3OicmsSqLsVKl+MjVDeZFcqitMzLZAf6M7sVAuMsvfB2q+lxdfRS8xRmmX0DUaS1VzsT5FyspRycDuLU7A/OPMHklzPR6TU1q/zELGLWJ7htmGarZnFPdYwXoa3AFsS6mHSPpgDzOjhkH2yEeyq8ORg63eSoz2UVxINsck9gnxnPwkCiN9mIG23nEgmpUH/cPzT4Vvs=' WHERE `name` = 'pot_pvp_blatant'"
[26 de MarĂ§o de 2021 22:25:39]: [nLogin] O usuĂˇrio pot_pvp_blatant autenticou com sucesso.
[26 de MarĂ§o de 2021 22:25:39]: [nLogin] O usuĂˇrio pot_pvp_blatant logou automaticamente por ter uma conta original.
[26 de MarĂ§o de 2021 23:51:49]: [DEBUG] [nLogin] [SQLITE] [UPDATE]: "UPDATE `nlogin` SET `realname` = 'NinjaDark99', `password` = '$SHA256$9b07c597e7c65580378bfc4d03e35b71684e7f0e67ea96b993e7ef658e53f26f@czSQtoSLAHRBbYVLLLZCMRqD', `address` = '189.10.26.185', `regdate` = '1615856558909', `lastlogin` = '1616799109573', `email` = null, `twitter` = null, `discord` = null, `settings` = 'ffVTWeZ0kMN06on4pzHZVXWpfx3zDQ0bzDX+fxKhTD8yw2+ym6WSwGuF0FWMutInzjHycGbGDEE6lb67iN/875529m6I3wIvReYyAxZUjeepIrwAQroLIpYrVT/a17JMuAc9AacpGKRgZDVoFpTDxfH85m+E8ttm6KyLOUzy/H4hSyOXcBBCHgwvSHMxK5SGZOetULsa7Yv34V8/PpTsxVo6xX5vyM3IDAScZfOPhLMBlOxzCXJ6VxtwnhkOph83gpGpO/ddhGPja5hX1XVYwCzD' WHERE `name` = 'ninjadark99'"
[26 de MarĂ§o de 2021 23:51:49]: [nLogin] O usuĂˇrio NinjaDark99 autenticou com sucesso.
[26 de MarĂ§o de 2021 23:51:49]: [nLogin] O usuĂˇrio NinjaDark99 logou automaticamente por ter uma conta original.
[27 de MarĂ§o de 2021 00:04:43]: [nLogin] 
[27 de MarĂ§o de 2021 00:04:43]: [nLogin] Desativando mĂłdulos do nLogin V 9.2.0...
[27 de MarĂ§o de 2021 00:04:43]: [nLogin] 
[27 de MarĂ§o de 2021 00:04:43]: [nLogin] nLogin foi encerrado em 1ms.
