[16 de Março de 2021 19:32:14]: [nLogin]          __             _       
[16 de Março de 2021 19:32:14]: [nLogin]  _ __   / /  ___   __ _(_)_ __  
[16 de Março de 2021 19:32:14]: [nLogin] | '_ \ / /  / _ \ / _` | | '_ \ 
[16 de Março de 2021 19:32:14]: [nLogin] | | | / /__| (_) | (_| | | | | |
[16 de Março de 2021 19:32:14]: [nLogin] |_| |_\____/\___/ \__, |_|_| |_|
[16 de Março de 2021 19:32:14]: [nLogin]                   |___/            
[16 de Março de 2021 19:32:14]: [nLogin]  By: www.nickuc.com - V 9.2.0
[16 de Março de 2021 19:32:14]: [nLogin] 
[16 de Março de 2021 19:32:14]: [DEBUG] [nLogin] Detectando configurações de hardware/software...
[16 de Março de 2021 19:32:14]: [DEBUG] [nLogin] Todas as configurações do plugin foram carregadas em 129 ms.
[16 de Março de 2021 19:32:14]: [DEBUG] [nLogin] Carregando o arquivo de mensagens 'messages_br.yml'
[16 de Março de 2021 19:32:14]: [DEBUG] [nLogin] Carregando o arquivo de mensagens 'messages_en.yml'
[16 de Março de 2021 19:32:14]: [DEBUG] [nLogin] Carregando o arquivo de mensagens 'messages_es.yml'
[16 de Março de 2021 19:32:14]: [DEBUG] [nLogin] Carregando o arquivo de mensagens 'messages_pl.yml'
[16 de Março de 2021 19:32:14]: [DEBUG] [nLogin] Carregando o arquivo de mensagens 'messages_ru.yml'
[16 de Março de 2021 19:32:14]: [DEBUG] [nLogin] Carregando o arquivo de mensagens 'messages_fr.yml'
[16 de Março de 2021 19:32:14]: [DEBUG] [nLogin] Carregando o arquivo de mensagens 'messages_lt.yml'
[16 de Março de 2021 19:32:14]: [DEBUG] [nLogin] Carregando o arquivo de mensagens 'messages_de.yml'
[16 de Março de 2021 19:32:14]: [DEBUG] [nLogin] Carregando o arquivo de mensagens 'messages_tr.yml'
[16 de Março de 2021 19:32:14]: [DEBUG] [nLogin] Todas as mensagens foram carregadas em 180 ms.
[16 de Março de 2021 19:32:14]: [DEBUG] [nLogin] Inicializando controlador de configurações...
[16 de Março de 2021 19:32:14]: [nLogin] Carregando tarefas para inicialização...
[16 de Março de 2021 19:32:14]: [nLogin] [Ativação] Your key was nya'd by Catboy <3 ~ https://t.me/catboygang
[16 de Março de 2021 19:32:14]: [DEBUG] [nLogin] Inicializando o controlador de banco de dados...
[16 de Março de 2021 19:32:15]: [DEBUG] [nLogin] Inicializando controlador de tarefas (pos start)...
[16 de Março de 2021 19:32:15]: [nLogin] nLogin foi carregado em 1182ms.
[16 de Março de 2021 20:35:01]: [nLogin] [PremiumLogin] The Mojang api returned an invalid result "" for NinjaDark99's request.
[16 de Março de 2021 20:35:01]: [DEBUG] [nLogin] [PremiumLogin] com.comphenix.protocol.injector.server.TemporaryPlayerInvocationHandler@ceef10 has been disconnected: A premium user has already signed in with this account.
[16 de Março de 2021 20:35:01]: [DEBUG] [nLogin] [SQLITE] [UPDATE]: "UPDATE `nlogin` SET `realname` = 'NinjaDark99', `password` = '$SHA256$9b07c597e7c65580378bfc4d03e35b71684e7f0e67ea96b993e7ef658e53f26f@czSQtoSLAHRBbYVLLLZCMRqD', `address` = '189.10.26.219', `regdate` = '1615856558909', `lastlogin` = '1615923301495', `email` = null, `twitter` = null, `discord` = null, `settings` = 'ffVTWeZ0kMN06on4pzHZVXWpfx3zDQ0bzDX+fxKhTD8yw2+ym6WSwGuF0FWMutInzjHycGbGDEE6lb67iN/875529m6I3wIvReYyAxZUjeepIrwAQroLIpYrVT/a17JMuAc9AacpGKRgZDVoFpTDxfH85m+E8ttm6KyLOUzy/H4hSyOXcBBCHgwvSHMxK5SGZOetULsa7Yv34V8/PpTsxVo6xX5vyM3IDAScZfOPhLMBlOxzCXJ6VxtwnhkOph83gpGpO/ddhGPja5hX1XVYwCzD' WHERE `name` = 'ninjadark99'"
[16 de Março de 2021 20:35:01]: [nLogin] O usuário NinjaDark99 autenticou com sucesso.
[16 de Março de 2021 20:35:01]: [nLogin] O usuário NinjaDark99 logou automaticamente por ter uma conta original.
[17 de Março de 2021 02:12:48]: [DEBUG] [nLogin] [SQLITE] [UPDATE]: "UPDATE `nlogin` SET `realname` = 'NinjaDark99', `password` = '$SHA256$9b07c597e7c65580378bfc4d03e35b71684e7f0e67ea96b993e7ef658e53f26f@czSQtoSLAHRBbYVLLLZCMRqD', `address` = '189.10.26.219', `regdate` = '1615856558909', `lastlogin` = '1615943568785', `email` = null, `twitter` = null, `discord` = null, `settings` = 'ffVTWeZ0kMN06on4pzHZVXWpfx3zDQ0bzDX+fxKhTD8yw2+ym6WSwGuF0FWMutInzjHycGbGDEE6lb67iN/875529m6I3wIvReYyAxZUjeepIrwAQroLIpYrVT/a17JMuAc9AacpGKRgZDVoFpTDxfH85m+E8ttm6KyLOUzy/H4hSyOXcBBCHgwvSHMxK5SGZOetULsa7Yv34V8/PpTsxVo6xX5vyM3IDAScZfOPhLMBlOxzCXJ6VxtwnhkOph83gpGpO/ddhGPja5hX1XVYwCzD' WHERE `name` = 'ninjadark99'"
[17 de Março de 2021 02:12:48]: [nLogin] O usuário NinjaDark99 autenticou com sucesso.
[17 de Março de 2021 02:12:48]: [nLogin] O usuário NinjaDark99 logou automaticamente por ter uma conta original.
[17 de Março de 2021 03:01:56]: [nLogin] 
[17 de Março de 2021 03:01:56]: [nLogin] Desativando módulos do nLogin V 9.2.0...
[17 de Março de 2021 03:01:56]: [nLogin] 
[17 de Março de 2021 03:01:56]: [nLogin] nLogin foi encerrado em 1ms.
