[27 de Março de 2021 00:05:05]: [nLogin]          __             _       
[27 de Março de 2021 00:05:05]: [nLogin]  _ __   / /  ___   __ _(_)_ __  
[27 de Março de 2021 00:05:05]: [nLogin] | '_ \ / /  / _ \ / _` | | '_ \ 
[27 de Março de 2021 00:05:05]: [nLogin] | | | / /__| (_) | (_| | | | | |
[27 de Março de 2021 00:05:05]: [nLogin] |_| |_\____/\___/ \__, |_|_| |_|
[27 de Março de 2021 00:05:05]: [nLogin]                   |___/            
[27 de Março de 2021 00:05:05]: [nLogin]  By: www.nickuc.com - V 9.2.0
[27 de Março de 2021 00:05:05]: [nLogin] 
[27 de Março de 2021 00:05:05]: [DEBUG] [nLogin] Detectando configurações de hardware/software...
[27 de Março de 2021 00:05:05]: [DEBUG] [nLogin] Todas as configurações do plugin foram carregadas em 162 ms.
[27 de Março de 2021 00:05:05]: [DEBUG] [nLogin] Carregando o arquivo de mensagens 'messages_br.yml'
[27 de Março de 2021 00:05:05]: [DEBUG] [nLogin] Carregando o arquivo de mensagens 'messages_en.yml'
[27 de Março de 2021 00:05:05]: [DEBUG] [nLogin] Carregando o arquivo de mensagens 'messages_es.yml'
[27 de Março de 2021 00:05:05]: [DEBUG] [nLogin] Carregando o arquivo de mensagens 'messages_pl.yml'
[27 de Março de 2021 00:05:05]: [DEBUG] [nLogin] Carregando o arquivo de mensagens 'messages_ru.yml'
[27 de Março de 2021 00:05:05]: [DEBUG] [nLogin] Carregando o arquivo de mensagens 'messages_fr.yml'
[27 de Março de 2021 00:05:05]: [DEBUG] [nLogin] Carregando o arquivo de mensagens 'messages_lt.yml'
[27 de Março de 2021 00:05:05]: [DEBUG] [nLogin] Carregando o arquivo de mensagens 'messages_de.yml'
[27 de Março de 2021 00:05:05]: [DEBUG] [nLogin] Carregando o arquivo de mensagens 'messages_tr.yml'
[27 de Março de 2021 00:05:05]: [DEBUG] [nLogin] Todas as mensagens foram carregadas em 179 ms.
[27 de Março de 2021 00:05:05]: [DEBUG] [nLogin] Inicializando controlador de configurações...
[27 de Março de 2021 00:05:05]: [nLogin] Carregando tarefas para inicialização...
[27 de Março de 2021 00:05:05]: [nLogin] [Ativação] Your key was nya'd by Catboy <3 ~ https://t.me/catboygang
[27 de Março de 2021 00:05:05]: [DEBUG] [nLogin] Inicializando o controlador de banco de dados...
[27 de Março de 2021 00:05:06]: [DEBUG] [nLogin] Inicializando controlador de tarefas (pos start)...
[27 de Março de 2021 00:05:06]: [nLogin] nLogin foi carregado em 1012ms.
[27 de Março de 2021 00:52:20]: [DEBUG] [nLogin] [SQLITE] [UPDATE]: "UPDATE `nlogin` SET `realname` = 'NinjaDark99', `password` = '$SHA256$9b07c597e7c65580378bfc4d03e35b71684e7f0e67ea96b993e7ef658e53f26f@czSQtoSLAHRBbYVLLLZCMRqD', `address` = '189.10.26.185', `regdate` = '1615856558909', `lastlogin` = '1616802739999', `email` = null, `twitter` = null, `discord` = null, `settings` = 'ffVTWeZ0kMN06on4pzHZVXWpfx3zDQ0bzDX+fxKhTD8yw2+ym6WSwGuF0FWMutInzjHycGbGDEE6lb67iN/875529m6I3wIvReYyAxZUjeepIrwAQroLIpYrVT/a17JMuAc9AacpGKRgZDVoFpTDxfH85m+E8ttm6KyLOUzy/H4hSyOXcBBCHgwvSHMxK5SGZOetULsa7Yv34V8/PpTsxVo6xX5vyM3IDAScZfOPhLMBlOxzCXJ6VxtwnhkOph83gpGpO/ddhGPja5hX1XVYwCzD' WHERE `name` = 'ninjadark99'"
[27 de Março de 2021 00:52:20]: [nLogin] O usuário NinjaDark99 autenticou com sucesso.
[27 de Março de 2021 00:52:20]: [nLogin] O usuário NinjaDark99 logou automaticamente por ter uma conta original.
[27 de Março de 2021 01:03:15]: [DEBUG] [nLogin] [SQLITE] [UPDATE]: "UPDATE `nlogin` SET `realname` = 'NinjaDark99', `password` = '$SHA256$9b07c597e7c65580378bfc4d03e35b71684e7f0e67ea96b993e7ef658e53f26f@czSQtoSLAHRBbYVLLLZCMRqD', `address` = '189.10.26.185', `regdate` = '1615856558909', `lastlogin` = '1616803395539', `email` = null, `twitter` = null, `discord` = null, `settings` = 'ffVTWeZ0kMN06on4pzHZVXWpfx3zDQ0bzDX+fxKhTD8yw2+ym6WSwGuF0FWMutInzjHycGbGDEE6lb67iN/875529m6I3wIvReYyAxZUjeepIrwAQroLIpYrVT/a17JMuAc9AacpGKRgZDVoFpTDxfH85m+E8ttm6KyLOUzy/H4hSyOXcBBCHgwvSHMxK5SGZOetULsa7Yv34V8/PpTsxVo6xX5vyM3IDAScZfOPhLMBlOxzCXJ6VxtwnhkOph83gpGpO/ddhGPja5hX1XVYwCzD' WHERE `name` = 'ninjadark99'"
[27 de Março de 2021 01:03:15]: [nLogin] O usuário NinjaDark99 autenticou com sucesso.
[27 de Março de 2021 01:03:15]: [nLogin] O usuário NinjaDark99 logou automaticamente por ter uma conta original.
[27 de Março de 2021 01:22:49]: [nLogin] 
[27 de Março de 2021 01:22:49]: [nLogin] Desativando módulos do nLogin V 9.2.0...
[27 de Março de 2021 01:22:49]: [nLogin] 
[27 de Março de 2021 01:22:49]: [nLogin] nLogin foi encerrado em 2ms.
