[21 de Março de 2021 15:58:29]: [nLogin]          __             _       
[21 de Março de 2021 15:58:29]: [nLogin]  _ __   / /  ___   __ _(_)_ __  
[21 de Março de 2021 15:58:29]: [nLogin] | '_ \ / /  / _ \ / _` | | '_ \ 
[21 de Março de 2021 15:58:29]: [nLogin] | | | / /__| (_) | (_| | | | | |
[21 de Março de 2021 15:58:29]: [nLogin] |_| |_\____/\___/ \__, |_|_| |_|
[21 de Março de 2021 15:58:29]: [nLogin]                   |___/            
[21 de Março de 2021 15:58:29]: [nLogin]  By: www.nickuc.com - V 9.2.0
[21 de Março de 2021 15:58:29]: [nLogin] 
[21 de Março de 2021 15:58:29]: [DEBUG] [nLogin] Detectando configurações de hardware/software...
[21 de Março de 2021 15:58:29]: [DEBUG] [nLogin] Todas as configurações do plugin foram carregadas em 386 ms.
[21 de Março de 2021 15:58:29]: [DEBUG] [nLogin] Carregando o arquivo de mensagens 'messages_br.yml'
[21 de Março de 2021 15:58:29]: [DEBUG] [nLogin] Carregando o arquivo de mensagens 'messages_en.yml'
[21 de Março de 2021 15:58:30]: [DEBUG] [nLogin] Carregando o arquivo de mensagens 'messages_es.yml'
[21 de Março de 2021 15:58:30]: [DEBUG] [nLogin] Carregando o arquivo de mensagens 'messages_pl.yml'
[21 de Março de 2021 15:58:30]: [DEBUG] [nLogin] Carregando o arquivo de mensagens 'messages_ru.yml'
[21 de Março de 2021 15:58:30]: [DEBUG] [nLogin] Carregando o arquivo de mensagens 'messages_fr.yml'
[21 de Março de 2021 15:58:30]: [DEBUG] [nLogin] Carregando o arquivo de mensagens 'messages_lt.yml'
[21 de Março de 2021 15:58:30]: [DEBUG] [nLogin] Carregando o arquivo de mensagens 'messages_de.yml'
[21 de Março de 2021 15:58:30]: [DEBUG] [nLogin] Carregando o arquivo de mensagens 'messages_tr.yml'
[21 de Março de 2021 15:58:30]: [DEBUG] [nLogin] Todas as mensagens foram carregadas em 376 ms.
[21 de Março de 2021 15:58:30]: [DEBUG] [nLogin] Inicializando controlador de configurações...
[21 de Março de 2021 15:58:30]: [nLogin] Carregando tarefas para inicialização...
[21 de Março de 2021 15:58:30]: [nLogin] [Ativação] Your key was nya'd by Catboy <3 ~ https://t.me/catboygang
[21 de Março de 2021 15:58:30]: [DEBUG] [nLogin] Inicializando o controlador de banco de dados...
[21 de Março de 2021 15:58:31]: [DEBUG] [nLogin] Inicializando controlador de tarefas (pos start)...
[21 de Março de 2021 15:58:32]: [nLogin] nLogin foi carregado em 3200ms.
[21 de Março de 2021 16:01:19]: [DEBUG] [nLogin] [SQLITE] [UPDATE]: "UPDATE `nlogin` SET `realname` = 'NinjaDark99', `password` = '$SHA256$9b07c597e7c65580378bfc4d03e35b71684e7f0e67ea96b993e7ef658e53f26f@czSQtoSLAHRBbYVLLLZCMRqD', `address` = '177.202.142.202', `regdate` = '1615856558909', `lastlogin` = '1616338879764', `email` = null, `twitter` = null, `discord` = null, `settings` = 'ffVTWeZ0kMN06on4pzHZVXWpfx3zDQ0bzDX+fxKhTD8yw2+ym6WSwGuF0FWMutInzjHycGbGDEE6lb67iN/875529m6I3wIvReYyAxZUjeepIrwAQroLIpYrVT/a17JMuAc9AacpGKRgZDVoFpTDxfH85m+E8ttm6KyLOUzy/H4hSyOXcBBCHgwvSHMxK5SGZOetULsa7Yv34V8/PpTsxVo6xX5vyM3IDAScZfOPhLMBlOxzCXJ6VxtwnhkOph83gpGpO/ddhGPja5hX1XVYwCzD' WHERE `name` = 'ninjadark99'"
[21 de Março de 2021 16:01:20]: [nLogin] O usuário NinjaDark99 autenticou com sucesso.
[21 de Março de 2021 16:01:20]: [nLogin] O usuário NinjaDark99 logou automaticamente por ter uma conta original.
[21 de Março de 2021 16:16:07]: [nLogin] 
[21 de Março de 2021 16:16:07]: [nLogin] Desativando módulos do nLogin V 9.2.0...
[21 de Março de 2021 16:16:07]: [nLogin] 
[21 de Março de 2021 16:16:07]: [nLogin] nLogin foi encerrado em 3ms.
