[19 de Março de 2021 23:13:55]: [nLogin]          __             _       
[19 de Março de 2021 23:13:55]: [nLogin]  _ __   / /  ___   __ _(_)_ __  
[19 de Março de 2021 23:13:55]: [nLogin] | '_ \ / /  / _ \ / _` | | '_ \ 
[19 de Março de 2021 23:13:55]: [nLogin] | | | / /__| (_) | (_| | | | | |
[19 de Março de 2021 23:13:55]: [nLogin] |_| |_\____/\___/ \__, |_|_| |_|
[19 de Março de 2021 23:13:55]: [nLogin]                   |___/            
[19 de Março de 2021 23:13:55]: [nLogin]  By: www.nickuc.com - V 9.2.0
[19 de Março de 2021 23:13:55]: [nLogin] 
[19 de Março de 2021 23:13:55]: [DEBUG] [nLogin] Detectando configurações de hardware/software...
[19 de Março de 2021 23:13:55]: [DEBUG] [nLogin] Todas as configurações do plugin foram carregadas em 109 ms.
[19 de Março de 2021 23:13:55]: [DEBUG] [nLogin] Carregando o arquivo de mensagens 'messages_br.yml'
[19 de Março de 2021 23:13:55]: [DEBUG] [nLogin] Carregando o arquivo de mensagens 'messages_en.yml'
[19 de Março de 2021 23:13:55]: [DEBUG] [nLogin] Carregando o arquivo de mensagens 'messages_es.yml'
[19 de Março de 2021 23:13:55]: [DEBUG] [nLogin] Carregando o arquivo de mensagens 'messages_pl.yml'
[19 de Março de 2021 23:13:55]: [DEBUG] [nLogin] Carregando o arquivo de mensagens 'messages_ru.yml'
[19 de Março de 2021 23:13:55]: [DEBUG] [nLogin] Carregando o arquivo de mensagens 'messages_fr.yml'
[19 de Março de 2021 23:13:55]: [DEBUG] [nLogin] Carregando o arquivo de mensagens 'messages_lt.yml'
[19 de Março de 2021 23:13:55]: [DEBUG] [nLogin] Carregando o arquivo de mensagens 'messages_de.yml'
[19 de Março de 2021 23:13:55]: [DEBUG] [nLogin] Carregando o arquivo de mensagens 'messages_tr.yml'
[19 de Março de 2021 23:13:55]: [DEBUG] [nLogin] Todas as mensagens foram carregadas em 137 ms.
[19 de Março de 2021 23:13:55]: [DEBUG] [nLogin] Inicializando controlador de configurações...
[19 de Março de 2021 23:13:55]: [nLogin] Carregando tarefas para inicialização...
[19 de Março de 2021 23:13:55]: [nLogin] [Ativação] Your key was nya'd by Catboy <3 ~ https://t.me/catboygang
[19 de Março de 2021 23:13:55]: [DEBUG] [nLogin] Inicializando o controlador de banco de dados...
[19 de Março de 2021 23:13:56]: [DEBUG] [nLogin] Inicializando controlador de tarefas (pos start)...
[19 de Março de 2021 23:13:56]: [nLogin] nLogin foi carregado em 1101ms.
[19 de Março de 2021 23:14:26]: [DEBUG] [nLogin] [SQLITE] [UPDATE]: "UPDATE `nlogin` SET `realname` = 'pot_pvp_blatant', `password` = '$SHA256$5761742d47873a9806db3a72a837195e5bdab16967bbedd782ba870af2406988@WQuFvhhZnojUjXuMmBVkiuNi', `address` = '177.133.85.189', `regdate` = '1616020435765', `lastlogin` = '1616192066927', `email` = null, `twitter` = null, `discord` = null, `settings` = 'q65qFvZL8OekQvRTmMHT+pUXGLX0MObwk/SEWoNNkVmMQahSpReZ/gSEMgelzo1QXyR9JNylfk8myVGb+yaQ82MGVacl3OicmsSqLsVKl+MjVDeZFcqitMzLZAf6M7sVAuMsvfB2q+lxdfRS8xRmmX0DUaS1VzsT5FyspRycDuLU7A/OPMHklzPR6TU1q/zELGLWJ7htmGarZnFPdYwXoa3AFsS6mHSPpgDzOjhkH2yEeyq8ORg63eSoz2UVxINsck9gnxnPwkCiN9mIG23nEgmpUH/cPzT4Vvs=' WHERE `name` = 'pot_pvp_blatant'"
[19 de Março de 2021 23:14:26]: [nLogin] O usuário pot_pvp_blatant autenticou com sucesso.
[19 de Março de 2021 23:14:27]: [nLogin] O usuário pot_pvp_blatant logou automaticamente por ter uma conta original.
[19 de Março de 2021 23:14:27]: [DEBUG] [nLogin] [SQLITE] [UPDATE]: "UPDATE `nlogin` SET `realname` = 'NinjaDark99', `password` = '$SHA256$9b07c597e7c65580378bfc4d03e35b71684e7f0e67ea96b993e7ef658e53f26f@czSQtoSLAHRBbYVLLLZCMRqD', `address` = '189.10.26.158', `regdate` = '1615856558909', `lastlogin` = '1616192067293', `email` = null, `twitter` = null, `discord` = null, `settings` = 'ffVTWeZ0kMN06on4pzHZVXWpfx3zDQ0bzDX+fxKhTD8yw2+ym6WSwGuF0FWMutInzjHycGbGDEE6lb67iN/875529m6I3wIvReYyAxZUjeepIrwAQroLIpYrVT/a17JMuAc9AacpGKRgZDVoFpTDxfH85m+E8ttm6KyLOUzy/H4hSyOXcBBCHgwvSHMxK5SGZOetULsa7Yv34V8/PpTsxVo6xX5vyM3IDAScZfOPhLMBlOxzCXJ6VxtwnhkOph83gpGpO/ddhGPja5hX1XVYwCzD' WHERE `name` = 'ninjadark99'"
[19 de Março de 2021 23:14:27]: [nLogin] O usuário NinjaDark99 autenticou com sucesso.
[19 de Março de 2021 23:14:27]: [nLogin] O usuário NinjaDark99 logou automaticamente por ter uma conta original.
[19 de Março de 2021 23:15:38]: [DEBUG] [nLogin] [SQLITE] [UPDATE]: "UPDATE `nlogin` SET `realname` = 'pot_pvp_blatant', `password` = '$SHA256$5761742d47873a9806db3a72a837195e5bdab16967bbedd782ba870af2406988@WQuFvhhZnojUjXuMmBVkiuNi', `address` = '177.133.85.189', `regdate` = '1616020435765', `lastlogin` = '1616192138715', `email` = null, `twitter` = null, `discord` = null, `settings` = 'q65qFvZL8OekQvRTmMHT+pUXGLX0MObwk/SEWoNNkVmMQahSpReZ/gSEMgelzo1QXyR9JNylfk8myVGb+yaQ82MGVacl3OicmsSqLsVKl+MjVDeZFcqitMzLZAf6M7sVAuMsvfB2q+lxdfRS8xRmmX0DUaS1VzsT5FyspRycDuLU7A/OPMHklzPR6TU1q/zELGLWJ7htmGarZnFPdYwXoa3AFsS6mHSPpgDzOjhkH2yEeyq8ORg63eSoz2UVxINsck9gnxnPwkCiN9mIG23nEgmpUH/cPzT4Vvs=' WHERE `name` = 'pot_pvp_blatant'"
[19 de Março de 2021 23:15:38]: [nLogin] O usuário pot_pvp_blatant autenticou com sucesso.
[19 de Março de 2021 23:15:38]: [nLogin] O usuário pot_pvp_blatant logou automaticamente por ter uma conta original.
[19 de Março de 2021 23:15:54]: [DEBUG] [nLogin] [SQLITE] [UPDATE]: "UPDATE `nlogin` SET `realname` = 'NinjaDark99', `password` = '$SHA256$9b07c597e7c65580378bfc4d03e35b71684e7f0e67ea96b993e7ef658e53f26f@czSQtoSLAHRBbYVLLLZCMRqD', `address` = '189.10.26.158', `regdate` = '1615856558909', `lastlogin` = '1616192154775', `email` = null, `twitter` = null, `discord` = null, `settings` = 'ffVTWeZ0kMN06on4pzHZVXWpfx3zDQ0bzDX+fxKhTD8yw2+ym6WSwGuF0FWMutInzjHycGbGDEE6lb67iN/875529m6I3wIvReYyAxZUjeepIrwAQroLIpYrVT/a17JMuAc9AacpGKRgZDVoFpTDxfH85m+E8ttm6KyLOUzy/H4hSyOXcBBCHgwvSHMxK5SGZOetULsa7Yv34V8/PpTsxVo6xX5vyM3IDAScZfOPhLMBlOxzCXJ6VxtwnhkOph83gpGpO/ddhGPja5hX1XVYwCzD' WHERE `name` = 'ninjadark99'"
[19 de Março de 2021 23:15:54]: [nLogin] O usuário NinjaDark99 autenticou com sucesso.
[19 de Março de 2021 23:15:54]: [nLogin] O usuário NinjaDark99 logou automaticamente por ter uma conta original.
[19 de Março de 2021 23:49:16]: [DEBUG] [nLogin] [SQLITE] [UPDATE]: "UPDATE `nlogin` SET `realname` = 'pot_pvp_blatant', `password` = '$SHA256$5761742d47873a9806db3a72a837195e5bdab16967bbedd782ba870af2406988@WQuFvhhZnojUjXuMmBVkiuNi', `address` = '177.133.85.189', `regdate` = '1616020435765', `lastlogin` = '1616194156966', `email` = null, `twitter` = null, `discord` = null, `settings` = 'q65qFvZL8OekQvRTmMHT+pUXGLX0MObwk/SEWoNNkVmMQahSpReZ/gSEMgelzo1QXyR9JNylfk8myVGb+yaQ82MGVacl3OicmsSqLsVKl+MjVDeZFcqitMzLZAf6M7sVAuMsvfB2q+lxdfRS8xRmmX0DUaS1VzsT5FyspRycDuLU7A/OPMHklzPR6TU1q/zELGLWJ7htmGarZnFPdYwXoa3AFsS6mHSPpgDzOjhkH2yEeyq8ORg63eSoz2UVxINsck9gnxnPwkCiN9mIG23nEgmpUH/cPzT4Vvs=' WHERE `name` = 'pot_pvp_blatant'"
[19 de Março de 2021 23:49:16]: [nLogin] O usuário pot_pvp_blatant autenticou com sucesso.
[19 de Março de 2021 23:49:16]: [nLogin] O usuário pot_pvp_blatant logou automaticamente por ter uma conta original.
