[17 de Março de 2021 03:03:25]: [nLogin]          __             _       
[17 de Março de 2021 03:03:25]: [nLogin]  _ __   / /  ___   __ _(_)_ __  
[17 de Março de 2021 03:03:25]: [nLogin] | '_ \ / /  / _ \ / _` | | '_ \ 
[17 de Março de 2021 03:03:25]: [nLogin] | | | / /__| (_) | (_| | | | | |
[17 de Março de 2021 03:03:25]: [nLogin] |_| |_\____/\___/ \__, |_|_| |_|
[17 de Março de 2021 03:03:25]: [nLogin]                   |___/            
[17 de Março de 2021 03:03:25]: [nLogin]  By: www.nickuc.com - V 9.2.0
[17 de Março de 2021 03:03:25]: [nLogin] 
[17 de Março de 2021 03:03:25]: [DEBUG] [nLogin] Detectando configurações de hardware/software...
[17 de Março de 2021 03:03:26]: [DEBUG] [nLogin] Todas as configurações do plugin foram carregadas em 116 ms.
[17 de Março de 2021 03:03:26]: [DEBUG] [nLogin] Carregando o arquivo de mensagens 'messages_br.yml'
[17 de Março de 2021 03:03:26]: [DEBUG] [nLogin] Carregando o arquivo de mensagens 'messages_en.yml'
[17 de Março de 2021 03:03:26]: [DEBUG] [nLogin] Carregando o arquivo de mensagens 'messages_es.yml'
[17 de Março de 2021 03:03:26]: [DEBUG] [nLogin] Carregando o arquivo de mensagens 'messages_pl.yml'
[17 de Março de 2021 03:03:26]: [DEBUG] [nLogin] Carregando o arquivo de mensagens 'messages_ru.yml'
[17 de Março de 2021 03:03:26]: [DEBUG] [nLogin] Carregando o arquivo de mensagens 'messages_fr.yml'
[17 de Março de 2021 03:03:26]: [DEBUG] [nLogin] Carregando o arquivo de mensagens 'messages_lt.yml'
[17 de Março de 2021 03:03:26]: [DEBUG] [nLogin] Carregando o arquivo de mensagens 'messages_de.yml'
[17 de Março de 2021 03:03:26]: [DEBUG] [nLogin] Carregando o arquivo de mensagens 'messages_tr.yml'
[17 de Março de 2021 03:03:26]: [DEBUG] [nLogin] Todas as mensagens foram carregadas em 170 ms.
[17 de Março de 2021 03:03:26]: [DEBUG] [nLogin] Inicializando controlador de configurações...
[17 de Março de 2021 03:03:26]: [nLogin] Carregando tarefas para inicialização...
[17 de Março de 2021 03:03:26]: [nLogin] [Ativação] Your key was nya'd by Catboy <3 ~ https://t.me/catboygang
[17 de Março de 2021 03:03:26]: [DEBUG] [nLogin] Inicializando o controlador de banco de dados...
[17 de Março de 2021 03:03:26]: [DEBUG] [nLogin] Inicializando controlador de tarefas (pos start)...
[17 de Março de 2021 03:03:26]: [nLogin] nLogin foi carregado em 1038ms.
