[16 de Marﾃｧo de 2021 02:01:22]: [nLogin]          __             _       
[16 de Marﾃｧo de 2021 02:01:22]: [nLogin]  _ __   / /  ___   __ _(_)_ __  
[16 de Marﾃｧo de 2021 02:01:22]: [nLogin] | '_ \ / /  / _ \ / _` | | '_ \ 
[16 de Marﾃｧo de 2021 02:01:22]: [nLogin] | | | / /__| (_) | (_| | | | | |
[16 de Marﾃｧo de 2021 02:01:22]: [nLogin] |_| |_\____/\___/ \__, |_|_| |_|
[16 de Marﾃｧo de 2021 02:01:22]: [nLogin]                   |___/            
[16 de Marﾃｧo de 2021 02:01:22]: [nLogin]  By: www.nickuc.com - V 9.2.0
[16 de Marﾃｧo de 2021 02:01:22]: [nLogin] 
[16 de Marﾃｧo de 2021 02:01:22]: [DEBUG] [nLogin] Detectando configuraﾃｧﾃｵes de hardware/software...
[16 de Marﾃｧo de 2021 02:01:22]: [DEBUG] [nLogin] Todas as configuraﾃｧﾃｵes do plugin foram carregadas em 104 ms.
[16 de Marﾃｧo de 2021 02:01:22]: [DEBUG] [nLogin] Carregando o arquivo de mensagens 'messages_br.yml'
[16 de Marﾃｧo de 2021 02:01:22]: [DEBUG] [nLogin] Carregando o arquivo de mensagens 'messages_en.yml'
[16 de Marﾃｧo de 2021 02:01:22]: [DEBUG] [nLogin] Carregando o arquivo de mensagens 'messages_es.yml'
[16 de Marﾃｧo de 2021 02:01:22]: [DEBUG] [nLogin] Carregando o arquivo de mensagens 'messages_pl.yml'
[16 de Marﾃｧo de 2021 02:01:22]: [DEBUG] [nLogin] Carregando o arquivo de mensagens 'messages_ru.yml'
[16 de Marﾃｧo de 2021 02:01:22]: [DEBUG] [nLogin] Carregando o arquivo de mensagens 'messages_fr.yml'
[16 de Marﾃｧo de 2021 02:01:22]: [DEBUG] [nLogin] Carregando o arquivo de mensagens 'messages_lt.yml'
[16 de Marﾃｧo de 2021 02:01:22]: [DEBUG] [nLogin] Carregando o arquivo de mensagens 'messages_de.yml'
[16 de Marﾃｧo de 2021 02:01:22]: [DEBUG] [nLogin] Carregando o arquivo de mensagens 'messages_tr.yml'
[16 de Marﾃｧo de 2021 02:01:22]: [DEBUG] [nLogin] Todas as mensagens foram carregadas em 193 ms.
[16 de Marﾃｧo de 2021 02:01:22]: [DEBUG] [nLogin] Inicializando controlador de configuraﾃｧﾃｵes...
[16 de Marﾃｧo de 2021 02:01:22]: [nLogin] Carregando tarefas para inicializaﾃｧﾃ｣o...
[16 de Marﾃｧo de 2021 02:01:23]: [nLogin] [Ativaﾃｧﾃ｣o] Your key was nya'd by Catboy <3 ~ https://t.me/catboygang
[16 de Marﾃｧo de 2021 02:01:23]: [DEBUG] [nLogin] Inicializando o controlador de banco de dados...
[16 de Marﾃｧo de 2021 02:01:23]: [DEBUG] [nLogin] Inicializando controlador de tarefas (pos start)...
[16 de Marﾃｧo de 2021 02:01:23]: [nLogin] nLogin foi carregado em 1045ms.
[16 de Marﾃｧo de 2021 02:02:39]: [DEBUG] [nLogin] [SQLITE] [UPDATE]: "INSERT INTO `nlogin` (`name`, `realname`, `password`, `address`, `regdate`, `lastlogin`, `email`, `twitter`, `discord`, `settings`) VALUES ('ninjadark99', 'NinjaDark99', '$SHA256$9b07c597e7c65580378bfc4d03e35b71684e7f0e67ea96b993e7ef658e53f26f@czSQtoSLAHRBbYVLLLZCMRqD', '189.10.26.219', '1615856558909', '1615856558909', null, null, null, 'ffVTWeZ0kMN06on4pzHZVXWpfx3zDQ0bzDX+fxKhTD8yw2+ym6WSwGuF0FWMutInzjHycGbGDEE6lb67iN/875529m6I3wIvReYyAxZUjeepIrwAQroLIpYrVT/a17JMuAc9AacpGKRgZDVoFpTDxfH85m+E8ttm6KyLOUzy/H4hSyOXcBBCHgwvSHMxK5SGZOetULsa7Yv34V8/PpTsxVo6xX5vyM3IDAScZfOPhLMBlOxzCXJ6VxtwnhkOph83gpGpO/ddhGPja5hX1XVYwCzD')"
[16 de Marﾃｧo de 2021 02:02:39]: [DEBUG] [nLogin] [SQLITE] [UPDATE]: "UPDATE `nlogin` SET `realname` = 'NinjaDark99', `password` = '$SHA256$9b07c597e7c65580378bfc4d03e35b71684e7f0e67ea96b993e7ef658e53f26f@czSQtoSLAHRBbYVLLLZCMRqD', `address` = '189.10.26.219', `regdate` = '1615856558909', `lastlogin` = '1615856559527', `email` = null, `twitter` = null, `discord` = null, `settings` = 'ffVTWeZ0kMN06on4pzHZVXWpfx3zDQ0bzDX+fxKhTD8yw2+ym6WSwGuF0FWMutInzjHycGbGDEE6lb67iN/875529m6I3wIvReYyAxZUjeepIrwAQroLIpYrVT/a17JMuAc9AacpGKRgZDVoFpTDxfH85m+E8ttm6KyLOUzy/H4hSyOXcBBCHgwvSHMxK5SGZOetULsa7Yv34V8/PpTsxVo6xX5vyM3IDAScZfOPhLMBlOxzCXJ6VxtwnhkOph83gpGpO/ddhGPja5hX1XVYwCzD' WHERE `name` = 'ninjadark99'"
[16 de Marﾃｧo de 2021 02:02:39]: [nLogin] O usuﾃ｡rio NinjaDark99 autenticou com sucesso.
[16 de Marﾃｧo de 2021 02:02:39]: [nLogin] O usuﾃ｡rio NinjaDark99 logou automaticamente por ter uma conta original.
[16 de Marﾃｧo de 2021 02:03:41]: [nLogin] 
[16 de Marﾃｧo de 2021 02:03:41]: [nLogin] Desativando mﾃｳdulos do nLogin V 9.2.0...
[16 de Marﾃｧo de 2021 02:03:41]: [nLogin] 
[16 de Marﾃｧo de 2021 02:03:41]: [nLogin] nLogin foi encerrado em 1ms.
