[25 de Março de 2021 14:27:15]: [nLogin]          __             _       
[25 de Março de 2021 14:27:15]: [nLogin]  _ __   / /  ___   __ _(_)_ __  
[25 de Março de 2021 14:27:15]: [nLogin] | '_ \ / /  / _ \ / _` | | '_ \ 
[25 de Março de 2021 14:27:15]: [nLogin] | | | / /__| (_) | (_| | | | | |
[25 de Março de 2021 14:27:15]: [nLogin] |_| |_\____/\___/ \__, |_|_| |_|
[25 de Março de 2021 14:27:15]: [nLogin]                   |___/            
[25 de Março de 2021 14:27:15]: [nLogin]  By: www.nickuc.com - V 9.2.0
[25 de Março de 2021 14:27:15]: [nLogin] 
[25 de Março de 2021 14:27:16]: [DEBUG] [nLogin] Detectando configurações de hardware/software...
[25 de Março de 2021 14:27:16]: [DEBUG] [nLogin] Todas as configurações do plugin foram carregadas em 318 ms.
[25 de Março de 2021 14:27:16]: [DEBUG] [nLogin] Carregando o arquivo de mensagens 'messages_br.yml'
[25 de Março de 2021 14:27:16]: [DEBUG] [nLogin] Carregando o arquivo de mensagens 'messages_en.yml'
[25 de Março de 2021 14:27:16]: [DEBUG] [nLogin] Carregando o arquivo de mensagens 'messages_es.yml'
[25 de Março de 2021 14:27:16]: [DEBUG] [nLogin] Carregando o arquivo de mensagens 'messages_pl.yml'
[25 de Março de 2021 14:27:16]: [DEBUG] [nLogin] Carregando o arquivo de mensagens 'messages_ru.yml'
[25 de Março de 2021 14:27:16]: [DEBUG] [nLogin] Carregando o arquivo de mensagens 'messages_fr.yml'
[25 de Março de 2021 14:27:16]: [DEBUG] [nLogin] Carregando o arquivo de mensagens 'messages_lt.yml'
[25 de Março de 2021 14:27:16]: [DEBUG] [nLogin] Carregando o arquivo de mensagens 'messages_de.yml'
[25 de Março de 2021 14:27:16]: [DEBUG] [nLogin] Carregando o arquivo de mensagens 'messages_tr.yml'
[25 de Março de 2021 14:27:16]: [DEBUG] [nLogin] Todas as mensagens foram carregadas em 607 ms.
[25 de Março de 2021 14:27:16]: [DEBUG] [nLogin] Inicializando controlador de configurações...
[25 de Março de 2021 14:27:17]: [nLogin] Carregando tarefas para inicialização...
[25 de Março de 2021 14:27:17]: [nLogin] [Ativação] Your key was nya'd by Catboy <3 ~ https://t.me/catboygang
[25 de Março de 2021 14:27:17]: [DEBUG] [nLogin] Inicializando o controlador de banco de dados...
[25 de Março de 2021 14:27:18]: [DEBUG] [nLogin] Inicializando controlador de tarefas (pos start)...
[25 de Março de 2021 14:27:19]: [nLogin] nLogin foi carregado em 3884ms.
[25 de Março de 2021 14:29:10]: [DEBUG] [nLogin] [SQLITE] [UPDATE]: "UPDATE `nlogin` SET `realname` = 'NinjaDark99', `password` = '$SHA256$9b07c597e7c65580378bfc4d03e35b71684e7f0e67ea96b993e7ef658e53f26f@czSQtoSLAHRBbYVLLLZCMRqD', `address` = '189.10.26.169', `regdate` = '1615856558909', `lastlogin` = '1616678950874', `email` = null, `twitter` = null, `discord` = null, `settings` = 'ffVTWeZ0kMN06on4pzHZVXWpfx3zDQ0bzDX+fxKhTD8yw2+ym6WSwGuF0FWMutInzjHycGbGDEE6lb67iN/875529m6I3wIvReYyAxZUjeepIrwAQroLIpYrVT/a17JMuAc9AacpGKRgZDVoFpTDxfH85m+E8ttm6KyLOUzy/H4hSyOXcBBCHgwvSHMxK5SGZOetULsa7Yv34V8/PpTsxVo6xX5vyM3IDAScZfOPhLMBlOxzCXJ6VxtwnhkOph83gpGpO/ddhGPja5hX1XVYwCzD' WHERE `name` = 'ninjadark99'"
[25 de Março de 2021 14:29:11]: [nLogin] O usuário NinjaDark99 autenticou com sucesso.
[25 de Março de 2021 14:29:11]: [nLogin] O usuário NinjaDark99 logou automaticamente por ter uma conta original.
[25 de Março de 2021 14:48:02]: [DEBUG] [nLogin] [SQLITE] [UPDATE]: "UPDATE `nlogin` SET `realname` = 'pot_pvp_blatant', `password` = '$SHA256$5761742d47873a9806db3a72a837195e5bdab16967bbedd782ba870af2406988@WQuFvhhZnojUjXuMmBVkiuNi', `address` = '177.133.85.183', `regdate` = '1616020435765', `lastlogin` = '1616680082279', `email` = null, `twitter` = null, `discord` = null, `settings` = 'q65qFvZL8OekQvRTmMHT+pUXGLX0MObwk/SEWoNNkVmMQahSpReZ/gSEMgelzo1QXyR9JNylfk8myVGb+yaQ82MGVacl3OicmsSqLsVKl+MjVDeZFcqitMzLZAf6M7sVAuMsvfB2q+lxdfRS8xRmmX0DUaS1VzsT5FyspRycDuLU7A/OPMHklzPR6TU1q/zELGLWJ7htmGarZnFPdYwXoa3AFsS6mHSPpgDzOjhkH2yEeyq8ORg63eSoz2UVxINsck9gnxnPwkCiN9mIG23nEgmpUH/cPzT4Vvs=' WHERE `name` = 'pot_pvp_blatant'"
[25 de Março de 2021 14:48:02]: [nLogin] O usuário pot_pvp_blatant autenticou com sucesso.
[25 de Março de 2021 14:48:02]: [nLogin] O usuário pot_pvp_blatant logou automaticamente por ter uma conta original.
[25 de Março de 2021 14:52:42]: [nLogin] 
[25 de Março de 2021 14:52:42]: [nLogin] Desativando módulos do nLogin V 9.2.0...
[25 de Março de 2021 14:52:42]: [nLogin] 
[25 de Março de 2021 14:52:42]: [nLogin] nLogin foi encerrado em 12ms.
